<?xml version="1.0" encoding="UTF-8"?>
<!-- Generated by org.testng.reporters.JUnitXMLReporter -->
<testsuite ignored="0" hostname="DESKTOP-CSJEUIB" failures="0" tests="7" name="TN Login Tests" time="41.215" errors="0" timestamp="27 Apr 2023 18:51:52 GMT">
  <testcase classname="com.tn.qa.testcases.LoginTest" name="verifyLoginWithValidUserNameAndValidPassword" time="0.915"/>
  <testcase classname="com.tn.qa.testcases.LoginTest" name="verifyLoginWithInvalidUserNameAndInvalidPassword" time="0.667"/>
  <testcase classname="com.tn.qa.testcases.LoginTest" name="verifyLoginWithValidUserNameAndInvalidPassword" time="0.633"/>
  <testcase classname="com.tn.qa.testcases.LoginTest" name="verifyLoginWithInvalidUserNameAndValidPassword" time="0.626"/>
  <testcase classname="com.tn.qa.testcases.LoginTest" name="verifyLoginWithValidUserNameAndEmptyPasswordField" time="0.595"/>
  <testcase classname="com.tn.qa.testcases.LoginTest" name="verifyLoginWithEmptyUserNameFieldAndValidPassword" time="0.609"/>
  <testcase classname="com.tn.qa.testcases.LoginTest" name="verifyLoginWithEmptyUserNameFieldAndEmptyPasswordField" time="0.633"/>
</testsuite> <!-- TN Login Tests -->
