<?xml version="1.0" encoding="UTF-8"?>
<!-- Generated by org.testng.reporters.JUnitXMLReporter -->
<testsuite ignored="0" hostname="DESKTOP-CSJEUIB" failures="0" tests="8" name="TN Register Tests" time="60.513" errors="0" timestamp="27 Apr 2023 18:51:10 GMT">
  <testcase classname="com.tn.qa.testcases.RegisterTest" name="verifyTnRegistrationWithValidUserNameAndValidPassword" time="1.44"/>
  <testcase classname="com.tn.qa.testcases.RegisterTest" name="verifyTnRegistrationWithInvalidUserNameAndInvalidPassword" time="1.02"/>
  <testcase classname="com.tn.qa.testcases.RegisterTest" name="verifyTnReRegistrationWithValidUserNameAndValidPassword" time="1.146"/>
  <testcase classname="com.tn.qa.testcases.RegisterTest" name="verifyTnRegistrationWithValidUserNameAndInvalidConfirmPassword" time="1.172"/>
  <testcase classname="com.tn.qa.testcases.RegisterTest" name="verifyTnRegistrationWithEmptyFields" time="1.045"/>
  <testcase classname="com.tn.qa.testcases.RegisterTest" name="verifyTnRegistrationWithEmptyFirstnameAndLastname" time="1.088"/>
  <testcase classname="com.tn.qa.testcases.RegisterTest" name="verifyTnRegistrationWithEmptyTelephoneAndEmail" time="1.1"/>
  <testcase classname="com.tn.qa.testcases.RegisterTest" name="verifyTnRegistrationWithoutClickingPrivacyPolicyCheckbox" time="1.076"/>
</testsuite> <!-- TN Register Tests -->
