<?xml version="1.0" encoding="UTF-8"?>
<!-- Generated by org.testng.reporters.JUnitXMLReporter -->
<testsuite ignored="0" hostname="DESKTOP-CSJEUIB" failures="0" tests="4" name="TN Search Product Tests" time="46.812" errors="0" timestamp="27 Apr 2023 06:29:55 GMT">
  <testcase classname="com.tn.qa.testcases.SearchProductsTest" name="verifySearchUsingValidProductName" time="2.452"/>
  <testcase classname="com.tn.qa.testcases.SearchProductsTest" name="verifySearchFieldUsingInvalidProductName" time="1.77"/>
  <testcase classname="com.tn.qa.testcases.SearchProductsTest" name="verifySearchIconFunctionWithEmptyField" time="1.624"/>
  <testcase classname="com.tn.qa.testcases.SearchProductsTest" name="verifySearchingBlankspaceReturnsAllProducts" time="5.683"/>
</testsuite> <!-- TN Search Product Tests -->
