<?xml version="1.0" encoding="UTF-8"?>
<!-- Generated by org.testng.reporters.JUnitXMLReporter -->
<testsuite ignored="0" hostname="DESKTOP-CSJEUIB" failures="0" tests="4" name="TN Search Products Tests" time="27.297" errors="0" timestamp="27 Apr 2023 18:52:19 GMT">
  <testcase classname="com.tn.qa.testcases.SearchProductsTest" name="verifySearchUsingValidProductName" time="1.676"/>
  <testcase classname="com.tn.qa.testcases.SearchProductsTest" name="verifySearchFieldUsingInvalidProductName" time="1.465"/>
  <testcase classname="com.tn.qa.testcases.SearchProductsTest" name="verifySearchIconFunctionWithEmptyField" time="1.139"/>
  <testcase classname="com.tn.qa.testcases.SearchProductsTest" name="verifySearchingBlankspaceReturnsAllProducts" time="4.918"/>
</testsuite> <!-- TN Search Products Tests -->
