<?xml version="1.0" encoding="UTF-8"?>
<!-- Generated by org.testng.reporters.JUnitXMLReporter -->
<testsuite ignored="0" hostname="DESKTOP-CSJEUIB" failures="0" tests="3" name="TN Testcases" time="33.455" errors="0" timestamp="27 Apr 2023 06:43:35 GMT">
  <testcase classname="com.tn.qa.testcases.RegisterTest" name="verifyTnRegistrationWithValidUserNameAndValidPassword" time="1.459"/>
  <testcase classname="com.tn.qa.testcases.LoginTest" name="verifyLoginWithValidUserNameAndValidPassword" time="0.913"/>
  <testcase classname="com.tn.qa.testcases.SearchProductsTest" name="verifySearchUsingValidProductName" time="1.977"/>
</testsuite> <!-- TN Testcases -->
