<?xml version="1.0" encoding="UTF-8"?>
<!-- Generated by org.testng.reporters.JUnitXMLReporter -->
<testsuite ignored="0" hostname="DESKTOP-CSJEUIB" failures="0" tests="4" name="TN Testcases 3" time="44.062" errors="0" timestamp="27 Apr 2023 06:47:10 GMT">
  <testcase classname="com.tn.qa.testcases.SearchProductsTest" name="verifySearchUsingValidProductName" time="2.059"/>
  <testcase classname="com.tn.qa.testcases.SearchProductsTest" name="verifySearchFieldUsingInvalidProductName" time="1.849"/>
  <testcase classname="com.tn.qa.testcases.SearchProductsTest" name="verifySearchIconFunctionWithEmptyField" time="1.601"/>
  <testcase classname="com.tn.qa.testcases.SearchProductsTest" name="verifySearchingBlankspaceReturnsAllProducts" time="5.565"/>
</testsuite> <!-- TN Testcases 3 -->
