<?xml version="1.0" encoding="UTF-8"?>
<!-- Generated by org.testng.reporters.JUnitXMLReporter -->
<testsuite ignored="0" hostname="DESKTOP-CSJEUIB" failures="0" tests="3" name="TN Test" time="28.375" errors="0" timestamp="27 Apr 2023 06:00:15 GMT">
  <testcase classname="com.tn.qa.testcases.RegisterTest" name="verifyTnRegistrationWithValidUserNameAndValidPassword" time="1.464"/>
  <testcase classname="com.tn.qa.testcases.SearchProductsTest" name="verifySearchUsingValidProductName" time="2.33"/>
  <testcase classname="com.tn.qa.testcases.LoginTest" name="verifyLoginWithValidUserNameAndValidPassword" time="0.955"/>
</testsuite> <!-- TN Test -->
