<?xml version="1.0" encoding="UTF-8"?>
<!-- Generated by org.testng.reporters.JUnitXMLReporter -->
<testsuite ignored="0" hostname="DESKTOP-CSJEUIB" failures="0" tests="7" name="TN Testcases 2" time="70.787" errors="0" timestamp="27 Apr 2023 06:46:26 GMT">
  <testcase classname="com.tn.qa.testcases.LoginTest" name="verifyLoginWithValidUserNameAndValidPassword" time="0.922"/>
  <testcase classname="com.tn.qa.testcases.LoginTest" name="verifyLoginWithInvalidUserNameAndInvalidPassword" time="0.624"/>
  <testcase classname="com.tn.qa.testcases.LoginTest" name="verifyLoginWithValidUserNameAndInvalidPassword" time="0.64"/>
  <testcase classname="com.tn.qa.testcases.LoginTest" name="verifyLoginWithInvalidUserNameAndValidPassword" time="0.68"/>
  <testcase classname="com.tn.qa.testcases.LoginTest" name="verifyLoginWithValidUserNameAndEmptyPasswordField" time="0.643"/>
  <testcase classname="com.tn.qa.testcases.LoginTest" name="verifyLoginWithEmptyUserNameFieldAndValidPassword" time="0.601"/>
  <testcase classname="com.tn.qa.testcases.LoginTest" name="verifyLoginWithEmptyUserNameFieldAndEmptyPasswordField" time="0.587"/>
</testsuite> <!-- TN Testcases 2 -->
