<?xml version="1.0" encoding="UTF-8"?>
<!-- Generated by org.testng.reporters.JUnitXMLReporter -->
<testsuite hostname="DESKTOP-CSJEUIB" ignored="0" name="TN Login Tests" tests="7" failures="0" timestamp="27 Apr 2023 19:45:59 GMT" time="48.982" errors="0">
  <testcase name="verifyLoginWithValidUserNameAndValidPassword" time="0.903" classname="com.tn.qa.testcases.LoginTest"/>
  <testcase name="verifyLoginWithInvalidUserNameAndInvalidPassword" time="0.632" classname="com.tn.qa.testcases.LoginTest"/>
  <testcase name="verifyLoginWithValidUserNameAndInvalidPassword" time="0.626" classname="com.tn.qa.testcases.LoginTest"/>
  <testcase name="verifyLoginWithInvalidUserNameAndValidPassword" time="0.668" classname="com.tn.qa.testcases.LoginTest"/>
  <testcase name="verifyLoginWithValidUserNameAndEmptyPasswordField" time="0.591" classname="com.tn.qa.testcases.LoginTest"/>
  <testcase name="verifyLoginWithEmptyUserNameFieldAndValidPassword" time="0.595" classname="com.tn.qa.testcases.LoginTest"/>
  <testcase name="verifyLoginWithEmptyUserNameFieldAndEmptyPasswordField" time="0.557" classname="com.tn.qa.testcases.LoginTest"/>
</testsuite> <!-- TN Login Tests -->
