<?xml version="1.0" encoding="UTF-8"?>
<!-- Generated by org.testng.reporters.JUnitXMLReporter -->
<testsuite hostname="DESKTOP-CSJEUIB" ignored="0" name="TN Register Tests" tests="8" failures="0" timestamp="27 Apr 2023 19:45:10 GMT" time="62.917" errors="0">
  <testcase name="verifyTnRegistrationWithValidUserNameAndValidPassword" time="1.438" classname="com.tn.qa.testcases.RegisterTest"/>
  <testcase name="verifyTnRegistrationWithInvalidUserNameAndInvalidPassword" time="1.061" classname="com.tn.qa.testcases.RegisterTest"/>
  <testcase name="verifyTnReRegistrationWithValidUserNameAndValidPassword" time="1.141" classname="com.tn.qa.testcases.RegisterTest"/>
  <testcase name="verifyTnRegistrationWithValidUserNameAndInvalidConfirmPassword" time="1.115" classname="com.tn.qa.testcases.RegisterTest"/>
  <testcase name="verifyTnRegistrationWithEmptyFields" time="0.998" classname="com.tn.qa.testcases.RegisterTest"/>
  <testcase name="verifyTnRegistrationWithEmptyFirstnameAndLastname" time="1.161" classname="com.tn.qa.testcases.RegisterTest"/>
  <testcase name="verifyTnRegistrationWithEmptyTelephoneAndEmail" time="1.089" classname="com.tn.qa.testcases.RegisterTest"/>
  <testcase name="verifyTnRegistrationWithoutClickingPrivacyPolicyCheckbox" time="1.101" classname="com.tn.qa.testcases.RegisterTest"/>
</testsuite> <!-- TN Register Tests -->
