<?xml version="1.0" encoding="UTF-8"?>
<!-- Generated by org.testng.reporters.JUnitXMLReporter -->
<testsuite hostname="DESKTOP-CSJEUIB" ignored="0" name="TN Search Products Tests" tests="4" failures="0" timestamp="27 Apr 2023 19:46:31 GMT" time="31.444" errors="0">
  <testcase name="verifySearchUsingValidProductName" time="1.834" classname="com.tn.qa.testcases.SearchProductsTest"/>
  <testcase name="verifySearchFieldUsingInvalidProductName" time="1.595" classname="com.tn.qa.testcases.SearchProductsTest"/>
  <testcase name="verifySearchIconFunctionWithEmptyField" time="1.362" classname="com.tn.qa.testcases.SearchProductsTest"/>
  <testcase name="verifySearchingBlankspaceReturnsAllProducts" time="4.757" classname="com.tn.qa.testcases.SearchProductsTest"/>
</testsuite> <!-- TN Search Products Tests -->
