<?xml version="1.0" encoding="UTF-8"?>
<!-- Generated by org.testng.reporters.JUnitXMLReporter -->
<testsuite ignored="0" hostname="DESKTOP-CSJEUIB" failures="0" tests="7" name="Default test" time="42.984" errors="0" timestamp="27 Apr 2023 19:18:14 GMT">
  <testcase classname="com.tn.qa.testcases.LoginTest" name="verifyLoginWithValidUserNameAndValidPassword" time="0.933"/>
  <testcase classname="com.tn.qa.testcases.LoginTest" name="verifyLoginWithInvalidUserNameAndInvalidPassword" time="0.666"/>
  <testcase classname="com.tn.qa.testcases.LoginTest" name="verifyLoginWithValidUserNameAndInvalidPassword" time="0.632"/>
  <testcase classname="com.tn.qa.testcases.LoginTest" name="verifyLoginWithInvalidUserNameAndValidPassword" time="0.732"/>
  <testcase classname="com.tn.qa.testcases.LoginTest" name="verifyLoginWithValidUserNameAndEmptyPasswordField" time="0.644"/>
  <testcase classname="com.tn.qa.testcases.LoginTest" name="verifyLoginWithEmptyUserNameFieldAndValidPassword" time="0.605"/>
  <testcase classname="com.tn.qa.testcases.LoginTest" name="verifyLoginWithEmptyUserNameFieldAndEmptyPasswordField" time="0.573"/>
</testsuite> <!-- Default test -->
