<?xml version="1.0" encoding="UTF-8"?>
<!-- Generated by org.testng.reporters.JUnitXMLReporter -->
<testsuite ignored="0" hostname="DESKTOP-CSJEUIB" failures="0" tests="2" name="Default test" time="15.469" errors="0" timestamp="2023-04-15T18:12:46 CDT">
  <testcase classname="com.tn.qa.testcases.RegisterTest" name="verifyTnRegistrationWithValidUserNameAndValidPassword" time="1.333"/>
  <testcase classname="com.tn.qa.testcases.RegisterTest" name="verifyTnRegistrationWithInvalidUserNameAndInvalidPassword" time="1.024"/>
</testsuite> <!-- Default test -->
