<?xml version="1.0" encoding="UTF-8"?>
<testsuite xmlns:xsi="http://www.w3.org/2001/XMLSchema-instance" xsi:noNamespaceSchemaLocation="https://maven.apache.org/surefire/maven-surefire-plugin/xsd/surefire-test-report-3.0.xsd" version="3.0" name="TestSuite" time="144.468" tests="19" errors="0" skipped="0" failures="0">
  <properties>
[...]
</properties>
  <testcase name="verifyTnRegistrationWithValidUserNameAndValidPassword" classname="com.tn.qa.testcases.RegisterTest" time="1.44">
    <system-out><![CDATA[Execution of TN Project started
verifyTnRegistrationWithValidUserNameAndValidPassword started executing
Successfully validated registration with valid credentials.
]]></system-out>
    <system-err><![CDATA[SLF4J: Failed to load class "org.slf4j.impl.StaticLoggerBinder".
SLF4J: Defaulting to no-operation (NOP) logger implementation
SLF4J: See http://www.slf4j.org/codes.html#StaticLoggerBinder for further details.
ERROR StatusLogger Log4j2 could not find a logging implementation. Please add log4j-core to the classpath. Using SimpleLogger to log to the console...
Starting ChromeDriver 112.0.5615.49 (bd2a7bcb881c11e8cfe3078709382934e3916914-refs/branch-heads/5615@{#936}) on port 47788
Only local connections are allowed.
Please see https://chromedriver.chromium.org/security-considerations for suggestions on keeping ChromeDriver safe.
ChromeDriver was started successfully.
Apr 27, 2023 2:44:12 PM org.openqa.selenium.devtools.CdpVersionFinder findNearestMatch
WARNING: Unable to find an exact match for CDP version 112, so returning the closest version found: 111
]]></system-err>
  </testcase>
  <testcase name="verifyTnRegistrationWithInvalidUserNameAndInvalidPassword" classname="com.tn.qa.testcases.RegisterTest" time="1.061">
    <system-out><![CDATA[verifyTnRegistrationWithValidUserNameAndValidPassword successfully executed
verifyTnRegistrationWithInvalidUserNameAndInvalidPassword started executing
]]></system-out>
    <system-err><![CDATA[Starting ChromeDriver 112.0.5615.49 (bd2a7bcb881c11e8cfe3078709382934e3916914-refs/branch-heads/5615@{#936}) on port 11894
Only local connections are allowed.
Please see https://chromedriver.chromium.org/security-considerations for suggestions on keeping ChromeDriver safe.
ChromeDriver was started successfully.
Apr 27, 2023 2:44:20 PM org.openqa.selenium.devtools.CdpVersionFinder findNearestMatch
WARNING: Unable to find an exact match for CDP version 112, so returning the closest version found: 111
]]></system-err>
  </testcase>
  <testcase name="verifyTnReRegistrationWithValidUserNameAndValidPassword" classname="com.tn.qa.testcases.RegisterTest" time="1.142">
    <system-out><![CDATA[verifyTnRegistrationWithInvalidUserNameAndInvalidPassword successfully executed
verifyTnReRegistrationWithValidUserNameAndValidPassword started executing
Successfully validated Re-registration with valid credentials.
]]></system-out>
    <system-err><![CDATA[Starting ChromeDriver 112.0.5615.49 (bd2a7bcb881c11e8cfe3078709382934e3916914-refs/branch-heads/5615@{#936}) on port 24076
Only local connections are allowed.
Please see https://chromedriver.chromium.org/security-considerations for suggestions on keeping ChromeDriver safe.
ChromeDriver was started successfully.
Apr 27, 2023 2:44:27 PM org.openqa.selenium.devtools.CdpVersionFinder findNearestMatch
WARNING: Unable to find an exact match for CDP version 112, so returning the closest version found: 111
]]></system-err>
  </testcase>
  <testcase name="verifyTnRegistrationWithValidUserNameAndInvalidConfirmPassword" classname="com.tn.qa.testcases.RegisterTest" time="1.114">
    <system-out><![CDATA[verifyTnReRegistrationWithValidUserNameAndValidPassword successfully executed
verifyTnRegistrationWithValidUserNameAndInvalidConfirmPassword started executing
Successfully validated registration with valid username and wrong confirmation password.
]]></system-out>
    <system-err><![CDATA[Starting ChromeDriver 112.0.5615.49 (bd2a7bcb881c11e8cfe3078709382934e3916914-refs/branch-heads/5615@{#936}) on port 19031
Only local connections are allowed.
Please see https://chromedriver.chromium.org/security-considerations for suggestions on keeping ChromeDriver safe.
ChromeDriver was started successfully.
Apr 27, 2023 2:44:34 PM org.openqa.selenium.devtools.CdpVersionFinder findNearestMatch
WARNING: Unable to find an exact match for CDP version 112, so returning the closest version found: 111
]]></system-err>
  </testcase>
  <testcase name="verifyTnRegistrationWithEmptyFields" classname="com.tn.qa.testcases.RegisterTest" time="0.998">
    <system-out><![CDATA[verifyTnRegistrationWithValidUserNameAndInvalidConfirmPassword successfully executed
verifyTnRegistrationWithEmptyFields started executing
Successfully validated registration with empty fields.
]]></system-out>
    <system-err><![CDATA[Starting ChromeDriver 112.0.5615.49 (bd2a7bcb881c11e8cfe3078709382934e3916914-refs/branch-heads/5615@{#936}) on port 47098
Only local connections are allowed.
Please see https://chromedriver.chromium.org/security-considerations for suggestions on keeping ChromeDriver safe.
ChromeDriver was started successfully.
Apr 27, 2023 2:44:42 PM org.openqa.selenium.devtools.CdpVersionFinder findNearestMatch
WARNING: Unable to find an exact match for CDP version 112, so returning the closest version found: 111
]]></system-err>
  </testcase>
  <testcase name="verifyTnRegistrationWithEmptyFirstnameAndLastname" classname="com.tn.qa.testcases.RegisterTest" time="1.161">
    <system-out><![CDATA[verifyTnRegistrationWithEmptyFields successfully executed
verifyTnRegistrationWithEmptyFirstnameAndLastname started executing
Successfully validated registration with empty first name and last name fields with valid username and password.
]]></system-out>
    <system-err><![CDATA[Starting ChromeDriver 112.0.5615.49 (bd2a7bcb881c11e8cfe3078709382934e3916914-refs/branch-heads/5615@{#936}) on port 27808
Only local connections are allowed.
Please see https://chromedriver.chromium.org/security-considerations for suggestions on keeping ChromeDriver safe.
ChromeDriver was started successfully.
Apr 27, 2023 2:44:49 PM org.openqa.selenium.devtools.CdpVersionFinder findNearestMatch
WARNING: Unable to find an exact match for CDP version 112, so returning the closest version found: 111
]]></system-err>
  </testcase>
  <testcase name="verifyTnRegistrationWithEmptyTelephoneAndEmail" classname="com.tn.qa.testcases.RegisterTest" time="1.089">
    <system-out><![CDATA[verifyTnRegistrationWithEmptyFirstnameAndLastname successfully executed
verifyTnRegistrationWithEmptyTelephoneAndEmail started executing
Successfully validated registration with empty username and empty telephone fields with valid first name, last name and password
]]></system-out>
    <system-err><![CDATA[Starting ChromeDriver 112.0.5615.49 (bd2a7bcb881c11e8cfe3078709382934e3916914-refs/branch-heads/5615@{#936}) on port 49065
Only local connections are allowed.
Please see https://chromedriver.chromium.org/security-considerations for suggestions on keeping ChromeDriver safe.
ChromeDriver was started successfully.
Apr 27, 2023 2:44:57 PM org.openqa.selenium.devtools.CdpVersionFinder findNearestMatch
WARNING: Unable to find an exact match for CDP version 112, so returning the closest version found: 111
]]></system-err>
  </testcase>
  <testcase name="verifyTnRegistrationWithoutClickingPrivacyPolicyCheckbox" classname="com.tn.qa.testcases.RegisterTest" time="1.102">
    <system-out><![CDATA[verifyTnRegistrationWithEmptyTelephoneAndEmail successfully executed
verifyTnRegistrationWithoutClickingPrivacyPolicyCheckbox started executing
Successfully validated registration with valid credentials without clicking privacypolicy checkbox.
]]></system-out>
    <system-err><![CDATA[Starting ChromeDriver 112.0.5615.49 (bd2a7bcb881c11e8cfe3078709382934e3916914-refs/branch-heads/5615@{#936}) on port 39252
Only local connections are allowed.
Please see https://chromedriver.chromium.org/security-considerations for suggestions on keeping ChromeDriver safe.
ChromeDriver was started successfully.
Apr 27, 2023 2:45:04 PM org.openqa.selenium.devtools.CdpVersionFinder findNearestMatch
WARNING: Unable to find an exact match for CDP version 112, so returning the closest version found: 111
]]></system-err>
  </testcase>
  <testcase name="verifyLoginWithValidUserNameAndValidPassword" classname="com.tn.qa.testcases.LoginTest" time="0.903">
    <system-out><![CDATA[verifyTnRegistrationWithoutClickingPrivacyPolicyCheckbox successfully executed
Execution of TutorialsNinja Project finished
Execution of TN Project started
verifyLoginWithValidUserNameAndValidPassword started executing
Successfully validated login with valid credentials.
]]></system-out>
    <system-err><![CDATA[Starting ChromeDriver 112.0.5615.49 (bd2a7bcb881c11e8cfe3078709382934e3916914-refs/branch-heads/5615@{#936}) on port 27600
Only local connections are allowed.
Please see https://chromedriver.chromium.org/security-considerations for suggestions on keeping ChromeDriver safe.
ChromeDriver was started successfully.
Apr 27, 2023 2:45:12 PM org.openqa.selenium.devtools.CdpVersionFinder findNearestMatch
WARNING: Unable to find an exact match for CDP version 112, so returning the closest version found: 111
]]></system-err>
  </testcase>
  <testcase name="verifyLoginWithInvalidUserNameAndInvalidPassword" classname="com.tn.qa.testcases.LoginTest" time="0.632">
    <system-out><![CDATA[verifyLoginWithValidUserNameAndValidPassword successfully executed
verifyLoginWithInvalidUserNameAndInvalidPassword started executing
Successfully validated login with invalid credential scenarios
]]></system-out>
    <system-err><![CDATA[Starting ChromeDriver 112.0.5615.49 (bd2a7bcb881c11e8cfe3078709382934e3916914-refs/branch-heads/5615@{#936}) on port 37087
Only local connections are allowed.
Please see https://chromedriver.chromium.org/security-considerations for suggestions on keeping ChromeDriver safe.
ChromeDriver was started successfully.
Apr 27, 2023 2:45:19 PM org.openqa.selenium.devtools.CdpVersionFinder findNearestMatch
WARNING: Unable to find an exact match for CDP version 112, so returning the closest version found: 111
]]></system-err>
  </testcase>
  <testcase name="verifyLoginWithValidUserNameAndInvalidPassword" classname="com.tn.qa.testcases.LoginTest" time="0.627">
    <system-out><![CDATA[verifyLoginWithInvalidUserNameAndInvalidPassword successfully executed
verifyLoginWithValidUserNameAndInvalidPassword started executing
Successfully validated login with invalid credential scenarios
]]></system-out>
    <system-err><![CDATA[Starting ChromeDriver 112.0.5615.49 (bd2a7bcb881c11e8cfe3078709382934e3916914-refs/branch-heads/5615@{#936}) on port 17312
Only local connections are allowed.
Please see https://chromedriver.chromium.org/security-considerations for suggestions on keeping ChromeDriver safe.
ChromeDriver was started successfully.
Apr 27, 2023 2:45:25 PM org.openqa.selenium.devtools.CdpVersionFinder findNearestMatch
WARNING: Unable to find an exact match for CDP version 112, so returning the closest version found: 111
]]></system-err>
  </testcase>
  <testcase name="verifyLoginWithInvalidUserNameAndValidPassword" classname="com.tn.qa.testcases.LoginTest" time="0.669">
    <system-out><![CDATA[verifyLoginWithValidUserNameAndInvalidPassword successfully executed
verifyLoginWithInvalidUserNameAndValidPassword started executing
Successfully validated login with invalid credential scenarios
]]></system-out>
    <system-err><![CDATA[Starting ChromeDriver 112.0.5615.49 (bd2a7bcb881c11e8cfe3078709382934e3916914-refs/branch-heads/5615@{#936}) on port 4476
Only local connections are allowed.
Please see https://chromedriver.chromium.org/security-considerations for suggestions on keeping ChromeDriver safe.
ChromeDriver was started successfully.
Apr 27, 2023 2:45:32 PM org.openqa.selenium.devtools.CdpVersionFinder findNearestMatch
WARNING: Unable to find an exact match for CDP version 112, so returning the closest version found: 111
]]></system-err>
  </testcase>
  <testcase name="verifyLoginWithValidUserNameAndEmptyPasswordField" classname="com.tn.qa.testcases.LoginTest" time="0.592">
    <system-out><![CDATA[verifyLoginWithInvalidUserNameAndValidPassword successfully executed
verifyLoginWithValidUserNameAndEmptyPasswordField started executing
Successfully validated login with invalid credential scenarios
]]></system-out>
    <system-err><![CDATA[Starting ChromeDriver 112.0.5615.49 (bd2a7bcb881c11e8cfe3078709382934e3916914-refs/branch-heads/5615@{#936}) on port 27536
Only local connections are allowed.
Please see https://chromedriver.chromium.org/security-considerations for suggestions on keeping ChromeDriver safe.
ChromeDriver was started successfully.
Apr 27, 2023 2:45:40 PM org.openqa.selenium.devtools.CdpVersionFinder findNearestMatch
WARNING: Unable to find an exact match for CDP version 112, so returning the closest version found: 111
]]></system-err>
  </testcase>
  <testcase name="verifyLoginWithEmptyUserNameFieldAndValidPassword" classname="com.tn.qa.testcases.LoginTest" time="0.596">
    <system-out><![CDATA[verifyLoginWithValidUserNameAndEmptyPasswordField successfully executed
verifyLoginWithEmptyUserNameFieldAndValidPassword started executing
Successfully validated login with invalid credential scenarios
]]></system-out>
    <system-err><![CDATA[Starting ChromeDriver 112.0.5615.49 (bd2a7bcb881c11e8cfe3078709382934e3916914-refs/branch-heads/5615@{#936}) on port 11558
Only local connections are allowed.
Please see https://chromedriver.chromium.org/security-considerations for suggestions on keeping ChromeDriver safe.
ChromeDriver was started successfully.
Apr 27, 2023 2:45:47 PM org.openqa.selenium.devtools.CdpVersionFinder findNearestMatch
WARNING: Unable to find an exact match for CDP version 112, so returning the closest version found: 111
]]></system-err>
  </testcase>
  <testcase name="verifyLoginWithEmptyUserNameFieldAndEmptyPasswordField" classname="com.tn.qa.testcases.LoginTest" time="0.557">
    <system-out><![CDATA[verifyLoginWithEmptyUserNameFieldAndValidPassword successfully executed
verifyLoginWithEmptyUserNameFieldAndEmptyPasswordField started executing
Successfully validated login with invalid credential scenarios
]]></system-out>
    <system-err><![CDATA[Starting ChromeDriver 112.0.5615.49 (bd2a7bcb881c11e8cfe3078709382934e3916914-refs/branch-heads/5615@{#936}) on port 2861
Only local connections are allowed.
Please see https://chromedriver.chromium.org/security-considerations for suggestions on keeping ChromeDriver safe.
ChromeDriver was started successfully.
Apr 27, 2023 2:45:54 PM org.openqa.selenium.devtools.CdpVersionFinder findNearestMatch
WARNING: Unable to find an exact match for CDP version 112, so returning the closest version found: 111
]]></system-err>
  </testcase>
  <testcase name="verifySearchUsingValidProductName" classname="com.tn.qa.testcases.SearchProductsTest" time="1.833">
    <system-out><![CDATA[verifyLoginWithEmptyUserNameFieldAndEmptyPasswordField successfully executed
Execution of TutorialsNinja Project finished
Execution of TN Project started
verifySearchUsingValidProductName started executing
Number of products: 4
Product Name: iMac
Product Description: Just when you thought iMac had everything, now there´s even more. More powerful Intel Core 2 Duo pro..
Product Price: $122.00

Product Tax:  $100.00
Product Name: MacBook
Product Description: Intel Core 2 Duo processor Powered by an Intel Core 2 Duo processor at speeds up to 2.16GHz, t..
Product Price: $602.00

Product Tax:  $500.00
Product Name: MacBook Air
Product Description: MacBook Air is ultrathin, ultraportable, and ultra unlike anything else. But you don’t lose in..
Product Price: $1,202.00

Product Tax:  $1,000.00
Product Name: MacBook Pro
Product Description: Latest Intel mobile architecture Powered by the most advanced mobile processors from Intel, ..
Product Price: $2,000.00

Product Tax:  $2,000.00
]]></system-out>
    <system-err><![CDATA[Starting ChromeDriver 112.0.5615.49 (bd2a7bcb881c11e8cfe3078709382934e3916914-refs/branch-heads/5615@{#936}) on port 9405
Only local connections are allowed.
Please see https://chromedriver.chromium.org/security-considerations for suggestions on keeping ChromeDriver safe.
ChromeDriver was started successfully.
Apr 27, 2023 2:46:02 PM org.openqa.selenium.devtools.CdpVersionFinder findNearestMatch
WARNING: Unable to find an exact match for CDP version 112, so returning the closest version found: 111
]]></system-err>
  </testcase>
  <testcase name="verifySearchFieldUsingInvalidProductName" classname="com.tn.qa.testcases.SearchProductsTest" time="1.594">
    <system-out><![CDATA[verifySearchUsingValidProductName successfully executed
verifySearchFieldUsingInvalidProductName started executing
]]></system-out>
    <system-err><![CDATA[[1682624767.652][SEVERE]: Unable to receive message from renderer
Starting ChromeDriver 112.0.5615.49 (bd2a7bcb881c11e8cfe3078709382934e3916914-refs/branch-heads/5615@{#936}) on port 39267
Only local connections are allowed.
Please see https://chromedriver.chromium.org/security-considerations for suggestions on keeping ChromeDriver safe.
ChromeDriver was started successfully.
Apr 27, 2023 2:46:09 PM org.openqa.selenium.devtools.CdpVersionFinder findNearestMatch
WARNING: Unable to find an exact match for CDP version 112, so returning the closest version found: 111
]]></system-err>
  </testcase>
  <testcase name="verifySearchIconFunctionWithEmptyField" classname="com.tn.qa.testcases.SearchProductsTest" time="1.363">
    <system-out><![CDATA[verifySearchFieldUsingInvalidProductName successfully executed
verifySearchIconFunctionWithEmptyField started executing
]]></system-out>
    <system-err><![CDATA[Starting ChromeDriver 112.0.5615.49 (bd2a7bcb881c11e8cfe3078709382934e3916914-refs/branch-heads/5615@{#936}) on port 35607
Only local connections are allowed.
Please see https://chromedriver.chromium.org/security-considerations for suggestions on keeping ChromeDriver safe.
ChromeDriver was started successfully.
Apr 27, 2023 2:46:16 PM org.openqa.selenium.devtools.CdpVersionFinder findNearestMatch
WARNING: Unable to find an exact match for CDP version 112, so returning the closest version found: 111
]]></system-err>
  </testcase>
  <testcase name="verifySearchingBlankspaceReturnsAllProducts" classname="com.tn.qa.testcases.SearchProductsTest" time="4.757">
    <system-out><![CDATA[verifySearchIconFunctionWithEmptyField successfully executed
verifySearchingBlankspaceReturnsAllProducts started executing
Number of products: 19
Product Name: Apple Cinema 30"
Product Description: The 30-inch Apple Cinema HD Display delivers an amazing 2560 x 1600 pixel resolution. Designed speci..
Product Price: $110.00 $122.00

Product Tax:  $90.00
Product Name: Canon EOS 5D
Product Description: Canon's press material for the EOS 5D states that it 'defines (a) new D-SLR category', while we're n..
Product Price: $98.00 $122.00

Product Tax:  $80.00
Product Name: HP LP3065
Product Description: Stop your co-workers in their tracks with the stunning new 30-inch diagonal HP LP3065 Flat Panel Mon..
Product Price: $122.00

Product Tax:  $100.00
Product Name: HTC Touch HD
Product Description: HTC Touch - in High Definition. Watch music videos and streaming content in awe-inspiring high defin..
Product Price: $122.00

Product Tax:  $100.00
Product Name: iMac
Product Description: Just when you thought iMac had everything, now there´s even more. More powerful Intel Core 2 Duo pro..
Product Price: $122.00

Product Tax:  $100.00
Product Name: iPhone
Product Description: iPhone is a revolutionary new mobile phone that allows you to make a call by simply tapping a name o..
Product Price: $123.20

Product Tax:  $101.00
Product Name: iPod Classic
Product Description: More room to move. With 80GB or 160GB of storage and up to 40 hours of battery life, the new..
Product Price: $122.00

Product Tax:  $100.00
Product Name: iPod Nano
Product Description: Video in your pocket. Its the small iPod with one very big idea: video. The worlds most popula..
Product Price: $122.00

Product Tax:  $100.00
Product Name: iPod Shuffle
Product Description: Born to be worn. Clip on the worlds most wearable music player and take up to 240 songs with y..
Product Price: $122.00

Product Tax:  $100.00
Product Name: iPod Touch
Product Description: Revolutionary multi-touch interface. iPod touch features the same multi-touch screen technology as..
Product Price: $122.00

Product Tax:  $100.00
Product Name: MacBook
Product Description: Intel Core 2 Duo processor Powered by an Intel Core 2 Duo processor at speeds up to 2.16GHz, t..
Product Price: $602.00

Product Tax:  $500.00
Product Name: MacBook Air
Product Description: MacBook Air is ultrathin, ultraportable, and ultra unlike anything else. But you don’t lose in..
Product Price: $1,202.00

Product Tax:  $1,000.00
Product Name: MacBook Pro
Product Description: Latest Intel mobile architecture Powered by the most advanced mobile processors from Intel, ..
Product Price: $2,000.00

Product Tax:  $2,000.00
Product Name: Nikon D300
Product Description: Engineered with pro-level features and performance, the 12.3-effective-megapixel D300 combines brand..
Product Price: $98.00

Product Tax:  $80.00
Product Name: Palm Treo Pro
Product Description: Redefine your workday with the Palm Treo Pro smartphone. Perfectly balanced, you can respond to busi..
Product Price: $337.99

Product Tax:  $279.99
Product Name: Product 8
Product Description: Product 8..
Product Price: $122.00

Product Tax:  $100.00
Product Name: Samsung SyncMaster 941BW
Product Description: Imagine the advantages of going big without slowing down. The big 19" 941BW monitor combines wi..
Product Price: $242.00

Product Tax:  $200.00
Product Name: Sony VAIO
Product Description: Unprecedented power. The next generation of processing technology has arrived. Built into the newest..
Product Price: $1,202.00

Product Tax:  $1,000.00
Product Name: Samsung Galaxy Tab 10.1
Product Description: Samsung Galaxy Tab 10.1, is the world’s thinnest tablet, measuring 8.6 mm thickness, running w..
Product Price: $241.99

Product Tax:  $199.99
]]></system-out>
    <system-err><![CDATA[Starting ChromeDriver 112.0.5615.49 (bd2a7bcb881c11e8cfe3078709382934e3916914-refs/branch-heads/5615@{#936}) on port 4031
Only local connections are allowed.
Please see https://chromedriver.chromium.org/security-considerations for suggestions on keeping ChromeDriver safe.
ChromeDriver was started successfully.
Apr 27, 2023 2:46:22 PM org.openqa.selenium.devtools.CdpVersionFinder findNearestMatch
WARNING: Unable to find an exact match for CDP version 112, so returning the closest version found: 111
]]></system-err>
  </testcase>
</testsuite>