<?xml version="1.0" encoding="UTF-8"?>
<testng-results ignored="0" total="2" passed="2" failed="0" skipped="0">
  <reporter-output>
  </reporter-output>
  <suite started-at="2023-04-15T18:12:31 CDT" name="Default suite" finished-at="2023-04-15T18:12:46 CDT" duration-ms="15469">
    <groups>
    </groups>
    <test started-at="2023-04-15T18:12:31 CDT" name="Default test" finished-at="2023-04-15T18:12:46 CDT" duration-ms="15469">
      <class name="com.tn.qa.testcases.RegisterTest">
        <test-method is-config="true" signature="setUp()[pri:0, instance:com.tn.qa.testcases.RegisterTest@449a4f23]" started-at="2023-04-15T18:12:31 CDT" name="setUp" finished-at="2023-04-15T18:12:38 CDT" duration-ms="7413" status="PASS">
          <reporter-output>
          </reporter-output>
        </test-method> <!-- setUp -->
        <test-method signature="verifyTnRegistrationWithValidUserNameAndValidPassword()[pri:1, instance:com.tn.qa.testcases.RegisterTest@449a4f23]" started-at="2023-04-15T18:12:38 CDT" name="verifyTnRegistrationWithValidUserNameAndValidPassword" finished-at="2023-04-15T18:12:39 CDT" duration-ms="1333" status="PASS">
          <reporter-output>
          </reporter-output>
        </test-method> <!-- verifyTnRegistrationWithValidUserNameAndValidPassword -->
        <test-method is-config="true" signature="tearDown()[pri:0, instance:com.tn.qa.testcases.RegisterTest@449a4f23]" started-at="2023-04-15T18:12:39 CDT" name="tearDown" finished-at="2023-04-15T18:12:39 CDT" duration-ms="148" status="PASS">
          <reporter-output>
          </reporter-output>
        </test-method> <!-- tearDown -->
        <test-method is-config="true" signature="setUp()[pri:0, instance:com.tn.qa.testcases.RegisterTest@449a4f23]" started-at="2023-04-15T18:12:39 CDT" name="setUp" finished-at="2023-04-15T18:12:45 CDT" duration-ms="5320" status="PASS">
          <reporter-output>
          </reporter-output>
        </test-method> <!-- setUp -->
        <test-method signature="verifyTnRegistrationWithInvalidUserNameAndInvalidPassword()[pri:2, instance:com.tn.qa.testcases.RegisterTest@449a4f23]" started-at="2023-04-15T18:12:45 CDT" name="verifyTnRegistrationWithInvalidUserNameAndInvalidPassword" finished-at="2023-04-15T18:12:46 CDT" duration-ms="1024" status="PASS">
          <reporter-output>
          </reporter-output>
        </test-method> <!-- verifyTnRegistrationWithInvalidUserNameAndInvalidPassword -->
        <test-method is-config="true" signature="tearDown()[pri:0, instance:com.tn.qa.testcases.RegisterTest@449a4f23]" started-at="2023-04-15T18:12:46 CDT" name="tearDown" finished-at="2023-04-15T18:12:46 CDT" duration-ms="169" status="PASS">
          <reporter-output>
          </reporter-output>
        </test-method> <!-- tearDown -->
      </class> <!-- com.tn.qa.testcases.RegisterTest -->
    </test> <!-- Default test -->
  </suite> <!-- Default suite -->
</testng-results>
